<?xml version="1.0" encoding="UTF-8"?>
<!-- Generated by org.testng.reporters.JUnitXMLReporter -->
<testsuite hostname="SANTOSHSHZ936H2" name="Test" tests="4" failures="0" timestamp="20 May 2018 09:05:51 GMT" time="19.201" errors="0">
  <testcase name="invokeBrowser" time="8.582" classname="testNG.TestPurchaseAutomation"/>
  <testcase name="searchItems" time="2.992" classname="testNG.TestPurchaseAutomation"/>
  <testcase name="refineDeviceFeatures" time="0.274" classname="testNG.TestPurchaseAutomation"/>
  <testcase name="closeSite" time="7.334" classname="testNG.TestPurchaseAutomation"/>
</testsuite> <!-- Test -->
