<?xml version="1.0" encoding="UTF-8"?>
<testng-results skipped="0" failed="0" total="4" passed="4">
  <reporter-output>
  </reporter-output>
  <suite name="Default suite" duration-ms="22502" started-at="2018-05-20T09:49:24Z" finished-at="2018-05-20T09:49:46Z">
    <groups>
    </groups>
    <test name="Default test" duration-ms="22502" started-at="2018-05-20T09:49:24Z" finished-at="2018-05-20T09:49:46Z">
      <class name="testNG.TestPurchaseAutomation">
        <test-method status="PASS" signature="testInvokeBrowser()[pri:0, instance:testNG.TestPurchaseAutomation@1f3ddb1]" name="testInvokeBrowser" duration-ms="11636" started-at="2018-05-20T15:19:24Z" finished-at="2018-05-20T15:19:35Z">
          <reporter-output>
          </reporter-output>
        </test-method> <!-- testInvokeBrowser -->
        <test-method status="PASS" signature="testSearchItems()[pri:0, instance:testNG.TestPurchaseAutomation@1f3ddb1]" name="testSearchItems" duration-ms="3179" started-at="2018-05-20T15:19:35Z" finished-at="2018-05-20T15:19:39Z">
          <reporter-output>
          </reporter-output>
        </test-method> <!-- testSearchItems -->
        <test-method status="PASS" signature="testRefineDeviceFeatures()[pri:0, instance:testNG.TestPurchaseAutomation@1f3ddb1]" name="testRefineDeviceFeatures" duration-ms="323" started-at="2018-05-20T15:19:39Z" finished-at="2018-05-20T15:19:39Z">
          <reporter-output>
          </reporter-output>
        </test-method> <!-- testRefineDeviceFeatures -->
        <test-method status="PASS" signature="testCloseSite()[pri:0, instance:testNG.TestPurchaseAutomation@1f3ddb1]" name="testCloseSite" duration-ms="7340" started-at="2018-05-20T15:19:39Z" finished-at="2018-05-20T15:19:46Z">
          <reporter-output>
          </reporter-output>
        </test-method> <!-- testCloseSite -->
      </class> <!-- testNG.TestPurchaseAutomation -->
    </test> <!-- Default test -->
  </suite> <!-- Default suite -->
</testng-results>
